<?xml version="1.0" encoding="UTF-8"?>
<robot generator="Robot 4.1.2 (Python 3.7.9 on win32)" generated="20211110 17:10:24.074" rpa="false" schemaversion="2">
<suite id="s1" name="Test Robot Sellib" source="C:\Users\Stmadm\Documents\PythonCourseForMFI\PythonCoursePro\Useful\for_lec13\system_tests\test_robot_sellib.robot">
<test id="s1-t1" name="Test Google Search">
<kw name="Open Browser" library="SeleniumLibrary">
<arg>http://www.google.com</arg>
<arg>chrome</arg>
<doc>Opens a new browser instance to the optional ``url``.</doc>
<msg timestamp="20211110 17:10:24.245" level="TRACE">Arguments: [ 'http://www.google.com' | 'chrome' ]</msg>
<msg timestamp="20211110 17:10:24.245" level="INFO">Opening browser 'chrome' to base url 'http://www.google.com'.</msg>
<msg timestamp="20211110 17:10:24.768" level="DEBUG">POST http://localhost:62528/session {"capabilities": {"firstMatch": [{}], "alwaysMatch": {"browserName": "chrome", "pageLoadStrategy": "normal", "goog:chromeOptions": {"extensions": [], "args": []}}}, "desiredCapabilities": {"browserName": "chrome", "pageLoadStrategy": "normal", "goog:chromeOptions": {"extensions": [], "args": []}}}</msg>
<msg timestamp="20211110 17:10:24.770" level="DEBUG">Starting new HTTP connection (1): localhost:62528</msg>
<msg timestamp="20211110 17:10:25.573" level="DEBUG">http://localhost:62528 "POST /session HTTP/1.1" 200 789</msg>
<msg timestamp="20211110 17:10:25.573" level="DEBUG">Finished Request</msg>
<msg timestamp="20211110 17:10:25.574" level="DEBUG">POST http://localhost:62528/session/d9765c74f52b19e6a5f2fbe61d2d2afa/timeouts {"script": 5000}</msg>
<msg timestamp="20211110 17:10:25.575" level="DEBUG">http://localhost:62528 "POST /session/d9765c74f52b19e6a5f2fbe61d2d2afa/timeouts HTTP/1.1" 200 14</msg>
<msg timestamp="20211110 17:10:25.575" level="DEBUG">Finished Request</msg>
<msg timestamp="20211110 17:10:25.575" level="DEBUG">POST http://localhost:62528/session/d9765c74f52b19e6a5f2fbe61d2d2afa/timeouts {"implicit": 0}</msg>
<msg timestamp="20211110 17:10:25.576" level="DEBUG">http://localhost:62528 "POST /session/d9765c74f52b19e6a5f2fbe61d2d2afa/timeouts HTTP/1.1" 200 14</msg>
<msg timestamp="20211110 17:10:25.576" level="DEBUG">Finished Request</msg>
<msg timestamp="20211110 17:10:25.576" level="DEBUG">POST http://localhost:62528/session/d9765c74f52b19e6a5f2fbe61d2d2afa/url {"url": "http://www.google.com"}</msg>
<msg timestamp="20211110 17:10:28.367" level="DEBUG">http://localhost:62528 "POST /session/d9765c74f52b19e6a5f2fbe61d2d2afa/url HTTP/1.1" 200 14</msg>
<msg timestamp="20211110 17:10:28.368" level="DEBUG">Finished Request</msg>
<msg timestamp="20211110 17:10:28.368" level="DEBUG">Opened browser with session id d9765c74f52b19e6a5f2fbe61d2d2afa.</msg>
<msg timestamp="20211110 17:10:28.368" level="TRACE">Return: 1</msg>
<status status="PASS" starttime="20211110 17:10:24.245" endtime="20211110 17:10:28.368"/>
</kw>
<kw name="Input Text" library="SeleniumLibrary">
<arg>name=q</arg>
<arg>Cheese!</arg>
<doc>Types the given ``text`` into the text field identified by ``locator``.</doc>
<msg timestamp="20211110 17:10:28.369" level="TRACE">Arguments: [ 'name=q' | 'Cheese!' ]</msg>
<msg timestamp="20211110 17:10:28.369" level="INFO">Typing text 'Cheese!' into text field 'name=q'.</msg>
<msg timestamp="20211110 17:10:28.369" level="DEBUG">POST http://localhost:62528/session/d9765c74f52b19e6a5f2fbe61d2d2afa/elements {"using": "css selector", "value": "[name=\"q\"]"}</msg>
<msg timestamp="20211110 17:10:28.377" level="DEBUG">http://localhost:62528 "POST /session/d9765c74f52b19e6a5f2fbe61d2d2afa/elements HTTP/1.1" 200 90</msg>
<msg timestamp="20211110 17:10:28.377" level="DEBUG">Finished Request</msg>
<msg timestamp="20211110 17:10:28.377" level="DEBUG">POST http://localhost:62528/session/d9765c74f52b19e6a5f2fbe61d2d2afa/element/34c33b98-1bf5-46a0-b477-432d373a619c/clear {"id": "34c33b98-1bf5-46a0-b477-432d373a619c"}</msg>
<msg timestamp="20211110 17:10:28.398" level="DEBUG">http://localhost:62528 "POST /session/d9765c74f52b19e6a5f2fbe61d2d2afa/element/34c33b98-1bf5-46a0-b477-432d373a619c/clear HTTP/1.1" 200 14</msg>
<msg timestamp="20211110 17:10:28.398" level="DEBUG">Finished Request</msg>
<msg timestamp="20211110 17:10:28.398" level="DEBUG">POST http://localhost:62528/session/d9765c74f52b19e6a5f2fbe61d2d2afa/element/34c33b98-1bf5-46a0-b477-432d373a619c/value {"text": "Cheese!", "value": ["C", "h", "e", "e", "s", "e", "!"], "id": "34c33b98-1bf5-46a0-b477-432d373a619c"}</msg>
<msg timestamp="20211110 17:10:28.433" level="DEBUG">http://localhost:62528 "POST /session/d9765c74f52b19e6a5f2fbe61d2d2afa/element/34c33b98-1bf5-46a0-b477-432d373a619c/value HTTP/1.1" 200 14</msg>
<msg timestamp="20211110 17:10:28.433" level="DEBUG">Finished Request</msg>
<msg timestamp="20211110 17:10:28.433" level="TRACE">Return: None</msg>
<status status="PASS" starttime="20211110 17:10:28.369" endtime="20211110 17:10:28.433"/>
</kw>
<kw name="Submit Form" library="SeleniumLibrary">
<doc>Submits a form identified by ``locator``.</doc>
<msg timestamp="20211110 17:10:28.433" level="TRACE">Arguments: [  ]</msg>
<msg timestamp="20211110 17:10:28.433" level="INFO">Submitting form 'None'.</msg>
<msg timestamp="20211110 17:10:28.434" level="DEBUG">POST http://localhost:62528/session/d9765c74f52b19e6a5f2fbe61d2d2afa/elements {"using": "css selector", "value": "form"}</msg>
<msg timestamp="20211110 17:10:28.441" level="DEBUG">http://localhost:62528 "POST /session/d9765c74f52b19e6a5f2fbe61d2d2afa/elements HTTP/1.1" 200 90</msg>
<msg timestamp="20211110 17:10:28.441" level="DEBUG">Finished Request</msg>
<msg timestamp="20211110 17:10:28.441" level="DEBUG">GET http://localhost:62528/session/d9765c74f52b19e6a5f2fbe61d2d2afa/element/c7aa48b9-9035-4a98-9abe-bf3cee288426/name {"id": "c7aa48b9-9035-4a98-9abe-bf3cee288426"}</msg>
<msg timestamp="20211110 17:10:28.443" level="DEBUG">http://localhost:62528 "GET /session/d9765c74f52b19e6a5f2fbe61d2d2afa/element/c7aa48b9-9035-4a98-9abe-bf3cee288426/name HTTP/1.1" 200 16</msg>
<msg timestamp="20211110 17:10:28.443" level="DEBUG">Finished Request</msg>
<msg timestamp="20211110 17:10:28.443" level="DEBUG">POST http://localhost:62528/session/d9765c74f52b19e6a5f2fbe61d2d2afa/element/c7aa48b9-9035-4a98-9abe-bf3cee288426/element {"using": "xpath", "value": "./ancestor-or-self::form", "id": "c7aa48b9-9035-4a98-9abe-bf3cee288426"}</msg>
<msg timestamp="20211110 17:10:28.450" level="DEBUG">http://localhost:62528 "POST /session/d9765c74f52b19e6a5f2fbe61d2d2afa/element/c7aa48b9-9035-4a98-9abe-bf3cee288426/element HTTP/1.1" 200 88</msg>
<msg timestamp="20211110 17:10:28.450" level="DEBUG">Finished Request</msg>
<msg timestamp="20211110 17:10:28.451" level="DEBUG">POST http://localhost:62528/session/d9765c74f52b19e6a5f2fbe61d2d2afa/execute/sync {"script": "var e = arguments[0].ownerDocument.createEvent('Event');e.initEvent('submit', true, true);if (arguments[0].dispatchEvent(e)) { arguments[0].submit() }", "args": [{"element-6066-11e4-a52e-4f735466cecf": "c7aa48b9-9035-4a98-9abe-bf3cee288426"}]}</msg>
<msg timestamp="20211110 17:10:30.268" level="DEBUG">http://localhost:62528 "POST /session/d9765c74f52b19e6a5f2fbe61d2d2afa/execute/sync HTTP/1.1" 200 14</msg>
<msg timestamp="20211110 17:10:30.268" level="DEBUG">Finished Request</msg>
<msg timestamp="20211110 17:10:30.268" level="TRACE">Return: None</msg>
<status status="PASS" starttime="20211110 17:10:28.433" endtime="20211110 17:10:30.268"/>
</kw>
<kw name="Wait Until Keyword Succeeds" library="BuiltIn">
<arg>10s</arg>
<arg>2s</arg>
<arg>Title Should Be</arg>
<arg>Cheese! - Поиск в Google</arg>
<doc>Runs the specified keyword and retries if it fails.</doc>
<msg timestamp="20211110 17:10:30.269" level="TRACE">Arguments: [ '10s' | '2s' | 'Title Should Be' | 'Cheese! - Поиск в Google' ]</msg>
<kw name="Title Should Be" library="SeleniumLibrary">
<arg>Cheese! - Поиск в Google</arg>
<doc>Verifies that the current page title equals ``title``.</doc>
<msg timestamp="20211110 17:10:30.269" level="TRACE">Arguments: [ 'Cheese! - Поиск в Google' ]</msg>
<msg timestamp="20211110 17:10:30.269" level="DEBUG">GET http://localhost:62528/session/d9765c74f52b19e6a5f2fbe61d2d2afa/title {}</msg>
<msg timestamp="20211110 17:10:30.272" level="DEBUG">http://localhost:62528 "GET /session/d9765c74f52b19e6a5f2fbe61d2d2afa/title HTTP/1.1" 200 42</msg>
<msg timestamp="20211110 17:10:30.272" level="DEBUG">Finished Request</msg>
<msg timestamp="20211110 17:10:30.272" level="INFO">Page title is 'Cheese! - Поиск в Google'.</msg>
<msg timestamp="20211110 17:10:30.272" level="TRACE">Return: None</msg>
<status status="PASS" starttime="20211110 17:10:30.269" endtime="20211110 17:10:30.273"/>
</kw>
<msg timestamp="20211110 17:10:30.273" level="TRACE">Return: None</msg>
<status status="PASS" starttime="20211110 17:10:30.269" endtime="20211110 17:10:30.273"/>
</kw>
<status status="PASS" starttime="20211110 17:10:24.244" endtime="20211110 17:10:30.273"/>
</test>
<doc>Test google search</doc>
<status status="PASS" starttime="20211110 17:10:24.075" endtime="20211110 17:10:30.274"/>
</suite>
<statistics>
<total>
<stat pass="1" fail="0" skip="0">All Tests</stat>
</total>
<tag>
</tag>
<suite>
<stat pass="1" fail="0" skip="0" id="s1" name="Test Robot Sellib">Test Robot Sellib</stat>
</suite>
</statistics>
<errors>
</errors>
</robot>
